# JRE version: Java(TM) SE Runtime Environment (8.0_171-b11) (build 1.8.0_171-b11)
# Java VM: Java HotSpot(TM) 64-Bit Server VM (25.171-b11 mixed mode linux-amd64 compressed oops)
Heap:
 PSYoungGen      total 226816K, used 2170K [0x00000000d6e00000, 0x00000000e6200000, 0x0000000100000000)
  eden space 205824K, 0% used [0x00000000d6e00000,0x00000000d6e00000,0x00000000e3700000)
  from space 20992K, 10% used [0x00000000e3700000,0x00000000e391e970,0x00000000e4b80000)
  to   space 22016K, 0% used [0x00000000e4b80000,0x00000000e4b80000,0x00000000e6100000)
 ParOldGen       total 96256K, used 26210K [0x0000000084a00000, 0x000000008a800000, 0x00000000d6e00000)
  object space 96256K, 27% used [0x0000000084a00000,0x0000000086398848,0x000000008a800000)
 Metaspace       used 37728K, capacity 38256K, committed 38568K, reserved 1083392K
  class space    used 4050K, capacity 4209K, committed 4264K, reserved 1048576K
GC Heap History (10 events):
Event: 1,727 GC heap after
Heap after GC invocations=4 (full 0):
 PSYoungGen      total 132096K, used 5115K [0x00000000d6e00000, 0x00000000df400000, 0x0000000100000000)
  eden space 126976K, 0% used [0x00000000d6e00000,0x00000000d6e00000,0x00000000dea00000)
  from space 5120K, 99% used [0x00000000def00000,0x00000000df3fedc8,0x00000000df400000)
  to   space 5120K, 0% used [0x00000000dea00000,0x00000000dea00000,0x00000000def00000)
 ParOldGen       total 84992K, used 8910K [0x0000000084a00000, 0x0000000089d00000, 0x00000000d6e00000)
  object space 84992K, 10% used [0x0000000084a00000,0x00000000852b39f0,0x0000000089d00000)
 Metaspace       used 21038K, capacity 21158K, committed 21296K, reserved 1069056K
  class space    used 2355K, capacity 2396K, committed 2432K, reserved 1048576K
}
Event: 1,727 GC heap before
{Heap before GC invocations=5 (full 1):
 PSYoungGen      total 132096K, used 5115K [0x00000000d6e00000, 0x00000000df400000, 0x0000000100000000)
  eden space 126976K, 0% used [0x00000000d6e00000,0x00000000d6e00000,0x00000000dea00000)
  from space 5120K, 99% used [0x00000000def00000,0x00000000df3fedc8,0x00000000df400000)
  to   space 5120K, 0% used [0x00000000dea00000,0x00000000dea00000,0x00000000def00000)
 ParOldGen       total 84992K, used 8910K [0x0000000084a00000, 0x0000000089d00000, 0x00000000d6e00000)
  object space 84992K, 10% used [0x0000000084a00000,0x00000000852b39f0,0x0000000089d00000)
 Metaspace       used 21038K, capacity 21158K, committed 21296K, reserved 1069056K
  class space    used 2355K, capacity 2396K, committed 2432K, reserved 1048576K
Event: 1,768 GC heap after
Heap after GC invocations=5 (full 1):
 PSYoungGen      total 132096K, used 0K [0x00000000d6e00000, 0x00000000df400000, 0x0000000100000000)
  eden space 126976K, 0% used [0x00000000d6e00000,0x00000000d6e00000,0x00000000dea00000)
  from space 5120K, 0% used [0x00000000def00000,0x00000000def00000,0x00000000df400000)
  to   space 5120K, 0% used [0x00000000dea00000,0x00000000dea00000,0x00000000def00000)
 ParOldGen       total 61440K, used 11774K [0x0000000084a00000, 0x0000000088600000, 0x00000000d6e00000)
  object space 61440K, 19% used [0x0000000084a00000,0x000000008557fae0,0x0000000088600000)
 Metaspace       used 21038K, capacity 21158K, committed 21296K, reserved 1069056K
  class space    used 2355K, capacity 2396K, committed 2432K, reserved 1048576K
}
Event: 8,754 GC heap before
{Heap before GC invocations=6 (full 1):
 PSYoungGen      total 132096K, used 105637K [0x00000000d6e00000, 0x00000000df400000, 0x0000000100000000)
  eden space 126976K, 83% used [0x00000000d6e00000,0x00000000dd529448,0x00000000dea00000)
  from space 5120K, 0% used [0x00000000def00000,0x00000000def00000,0x00000000df400000)
  to   space 5120K, 0% used [0x00000000dea00000,0x00000000dea00000,0x00000000def00000)
 ParOldGen       total 61440K, used 11774K [0x0000000084a00000, 0x0000000088600000, 0x00000000d6e00000)
  object space 61440K, 19% used [0x0000000084a00000,0x000000008557fae0,0x0000000088600000)
 Metaspace       used 34850K, capacity 35376K, committed 35496K, reserved 1081344K
  class space    used 3841K, capacity 3995K, committed 4008K, reserved 1048576K
Event: 8,766 GC heap after
Heap after GC invocations=6 (full 1):
 PSYoungGen      total 132096K, used 5106K [0x00000000d6e00000, 0x00000000e6100000, 0x0000000100000000)
  eden space 126976K, 0% used [0x00000000d6e00000,0x00000000d6e00000,0x00000000dea00000)
  from space 5120K, 99% used [0x00000000dea00000,0x00000000deefcae0,0x00000000def00000)
  to   space 22016K, 0% used [0x00000000e4b80000,0x00000000e4b80000,0x00000000e6100000)
 ParOldGen       total 61440K, used 26229K [0x0000000084a00000, 0x0000000088600000, 0x00000000d6e00000)
  object space 61440K, 42% used [0x0000000084a00000,0x000000008639d5f0,0x0000000088600000)
 Metaspace       used 34850K, capacity 35376K, committed 35496K, reserved 1081344K
  class space    used 3841K, capacity 3995K, committed 4008K, reserved 1048576K
}
Event: 8,766 GC heap before
{Heap before GC invocations=7 (full 2):
 PSYoungGen      total 132096K, used 5106K [0x00000000d6e00000, 0x00000000e6100000, 0x0000000100000000)
  eden space 126976K, 0% used [0x00000000d6e00000,0x00000000d6e00000,0x00000000dea00000)
  from space 5120K, 99% used [0x00000000dea00000,0x00000000deefcae0,0x00000000def00000)
  to   space 22016K, 0% used [0x00000000e4b80000,0x00000000e4b80000,0x00000000e6100000)
 ParOldGen       total 61440K, used 26229K [0x0000000084a00000, 0x0000000088600000, 0x00000000d6e00000)
  object space 61440K, 42% used [0x0000000084a00000,0x000000008639d5f0,0x0000000088600000)
 Metaspace       used 34850K, capacity 35376K, committed 35496K, reserved 1081344K
  class space    used 3841K, capacity 3995K, committed 4008K, reserved 1048576K
Event: 8,824 GC heap after
Heap after GC invocations=7 (full 2):
 PSYoungGen      total 132096K, used 0K [0x00000000d6e00000, 0x00000000e6100000, 0x0000000100000000)
  eden space 126976K, 0% used [0x00000000d6e00000,0x00000000d6e00000,0x00000000dea00000)
  from space 5120K, 0% used [0x00000000dea00000,0x00000000dea00000,0x00000000def00000)
  to   space 22016K, 0% used [0x00000000e4b80000,0x00000000e4b80000,0x00000000e6100000)
 ParOldGen       total 96256K, used 26194K [0x0000000084a00000, 0x000000008a800000, 0x00000000d6e00000)
  object space 96256K, 27% used [0x0000000084a00000,0x0000000086394848,0x000000008a800000)
 Metaspace       used 34850K, capacity 35376K, committed 35496K, reserved 1081344K
  class space    used 3841K, capacity 3995K, committed 4008K, reserved 1048576K
}
Event: 922,850 GC heap before
{Heap before GC invocations=8 (full 2):
 PSYoungGen      total 132096K, used 126976K [0x00000000d6e00000, 0x00000000e6100000, 0x0000000100000000)
  eden space 126976K, 100% used [0x00000000d6e00000,0x00000000dea00000,0x00000000dea00000)
  from space 5120K, 0% used [0x00000000dea00000,0x00000000dea00000,0x00000000def00000)
  to   space 22016K, 0% used [0x00000000e4b80000,0x00000000e4b80000,0x00000000e6100000)
 ParOldGen       total 96256K, used 26194K [0x0000000084a00000, 0x000000008a800000, 0x00000000d6e00000)
  object space 96256K, 27% used [0x0000000084a00000,0x0000000086394848,0x000000008a800000)
 Metaspace       used 37586K, capacity 38116K, committed 38312K, reserved 1083392K
  class space    used 4048K, capacity 4207K, committed 4264K, reserved 1048576K
Event: 922,887 GC heap after
Heap after GC invocations=8 (full 2):
 PSYoungGen      total 227840K, used 3151K [0x00000000d6e00000, 0x00000000e6200000, 0x0000000100000000)
  eden space 205824K, 0% used [0x00000000d6e00000,0x00000000d6e00000,0x00000000e3700000)
  from space 22016K, 14% used [0x00000000e4b80000,0x00000000e4e93c58,0x00000000e6100000)
  to   space 20992K, 0% used [0x00000000e3700000,0x00000000e3700000,0x00000000e4b80000)
 ParOldGen       total 96256K, used 26202K [0x0000000084a00000, 0x000000008a800000, 0x00000000d6e00000)
  object space 96256K, 27% used [0x0000000084a00000,0x0000000086396848,0x000000008a800000)
 Metaspace       used 37586K, capacity 38116K, committed 38312K, reserved 1083392K
  class space    used 4048K, capacity 4207K, committed 4264K, reserved 1048576K
}
Event: 2746,163 GC heap before
{Heap before GC invocations=9 (full 2):
 PSYoungGen      total 227840K, used 208975K [0x00000000d6e00000, 0x00000000e6200000, 0x0000000100000000)
  eden space 205824K, 100% used [0x00000000d6e00000,0x00000000e3700000,0x00000000e3700000)
  from space 22016K, 14% used [0x00000000e4b80000,0x00000000e4e93c58,0x00000000e6100000)
  to   space 20992K, 0% used [0x00000000e3700000,0x00000000e3700000,0x00000000e4b80000)
 ParOldGen       total 96256K, used 26202K [0x0000000084a00000, 0x000000008a800000, 0x00000000d6e00000)
  object space 96256K, 27% used [0x0000000084a00000,0x0000000086396848,0x000000008a800000)
 Metaspace       used 37728K, capacity 38256K, committed 38568K, reserved 1083392K
  class space    used 4050K, capacity 4209K, committed 4264K, reserved 1048576K

